<?xml version="1.0" encoding="UTF-8"?>
<!-- Generated by org.testng.reporters.JUnitReportReporter -->
<testsuite hostname="DESKTOP-HOBCA4B" failures="0" tests="1" name="basics.Test123" time="0.010" errors="0" timestamp="2022-03-23T08:59:17 IST" skipped="0">
  <testcase classname="basics.Test123" name="test1234" time="0.010"/>
  <system-out/>
</testsuite> <!-- basics.Test123 -->
