<?xml version="1.0" encoding="UTF-8"?>
<!-- Generated by org.testng.reporters.JUnitReportReporter -->
<testsuite hostname="DESKTOP-HOBCA4B" failures="0" tests="4" name="TestClass.Test1" time="106.315" errors="0" timestamp="2022-03-10T23:12:27 IST" skipped="0">
  <testcase classname="TestClass.Test1" name="getCustomerNumber" time="32.973"/>
  <system-out/>
  <testcase classname="TestClass.Test1" name="VerifyMousePad" time="18.718"/>
  <system-out/>
  <testcase classname="TestClass.Test1" name="VerifyMousePad" time="36.864"/>
  <system-out/>
  <testcase classname="TestClass.Test1" name="getCustomerNumber" time="17.760"/>
  <system-out/>
</testsuite> <!-- TestClass.Test1 -->
