<?xml version="1.0" encoding="UTF-8"?>
<!-- Generated by org.testng.reporters.JUnitReportReporter -->
<testsuite hostname="DESKTOP-HOBCA4B" failures="0" tests="4" name="TestClass.Test2" time="123.163" errors="0" timestamp="2022-03-10T23:12:27 IST" skipped="0">
  <testcase classname="TestClass.Test2" name="AddToCartProduct" time="37.177"/>
  <system-out/>
  <testcase classname="TestClass.Test2" name="AddToCartShirt" time="39.733"/>
  <system-out/>
  <testcase classname="TestClass.Test2" name="AddToCartShirt" time="22.456"/>
  <system-out/>
  <testcase classname="TestClass.Test2" name="AddToCartProduct" time="23.797"/>
  <system-out/>
</testsuite> <!-- TestClass.Test2 -->
