<?xml version="1.0" encoding="UTF-8"?>
<!-- Generated by org.testng.reporters.JUnitReportReporter -->
<testsuite hostname="DESKTOP-HOBCA4B" failures="0" tests="4" name="TestClass.Test1" time="159.676" errors="0" timestamp="2022-03-10T18:13:23 IST" skipped="0">
  <testcase classname="TestClass.Test1" name="verifyUserTab" time="15.293"/>
  <system-out/>
  <testcase classname="TestClass.Test1" name="createTask" time="39.993"/>
  <system-out/>
  <testcase classname="TestClass.Test1" name="verifyUserTab" time="33.179"/>
  <system-out/>
  <testcase classname="TestClass.Test1" name="createTask" time="71.211"/>
  <system-out/>
</testsuite> <!-- TestClass.Test1 -->
