<?xml version="1.0" encoding="UTF-8"?>
<!-- Generated by org.testng.reporters.JUnitReportReporter -->
<testsuite hostname="DESKTOP-HOBCA4B" failures="0" tests="4" name="TestClass.Test2" time="110.873" errors="0" timestamp="2022-03-10T18:13:23 IST" skipped="0">
  <testcase classname="TestClass.Test2" name="verifyTaskTab" time="15.958"/>
  <system-out/>
  <testcase classname="TestClass.Test2" name="verifyTaskTab" time="5.601"/>
  <system-out/>
  <testcase classname="TestClass.Test2" name="verifyReportTab" time="44.927"/>
  <system-out/>
  <testcase classname="TestClass.Test2" name="verifyReportTab" time="44.387"/>
  <system-out/>
</testsuite> <!-- TestClass.Test2 -->
