<?xml version="1.0" encoding="UTF-8"?>
<!-- Generated by org.testng.reporters.JUnitReportReporter -->
<testsuite hostname="DESKTOP-HOBCA4B" failures="0" tests="4" name="testClass.TestClass2" time="149.580" errors="0" timestamp="2022-03-02T14:49:46 IST" skipped="0">
  <testcase classname="testClass.TestClass2" name="verifyCart" time="30.313"/>
  <system-out/>
  <testcase classname="testClass.TestClass2" name="verifyProductPage" time="44.062"/>
  <system-out/>
  <testcase classname="testClass.TestClass2" name="verifyProductPage" time="40.852"/>
  <system-out/>
  <testcase classname="testClass.TestClass2" name="verifyCart" time="34.353"/>
  <system-out/>
</testsuite> <!-- testClass.TestClass2 -->
