<?xml version="1.0" encoding="UTF-8"?>
<!-- Generated by org.testng.reporters.JUnitReportReporter -->
<testsuite hostname="DESKTOP-HOBCA4B" failures="0" tests="4" name="testClass.TestClass1" time="105.362" errors="0" timestamp="2022-03-02T14:49:46 IST" skipped="0">
  <testcase classname="testClass.TestClass1" name="AmazonSciencePage" time="27.283"/>
  <system-out/>
  <testcase classname="testClass.TestClass1" name="AmazonSciencePage" time="36.366"/>
  <system-out/>
  <testcase classname="testClass.TestClass1" name="verifyBabyWishList" time="29.425"/>
  <system-out/>
  <testcase classname="testClass.TestClass1" name="verifyBabyWishList" time="12.288"/>
  <system-out/>
</testsuite> <!-- testClass.TestClass1 -->
