<?xml version="1.0" encoding="UTF-8"?>
<!-- Generated by org.testng.reporters.JUnitReportReporter -->
<testsuite hostname="DESKTOP-HOBCA4B" failures="0" tests="4" name="TestClass.TestClass2" time="81.534" errors="0" timestamp="2022-03-10T23:29:51 IST" skipped="0">
  <testcase classname="TestClass.TestClass2" name="verifyrechargeModule" time="12.983"/>
  <system-out/>
  <testcase classname="TestClass.TestClass2" name="verifyrechargeModule" time="11.590"/>
  <system-out/>
  <testcase classname="TestClass.TestClass2" name="verifyBusTicket" time="17.904"/>
  <system-out/>
  <testcase classname="TestClass.TestClass2" name="verifyBusTicket" time="39.057"/>
  <system-out/>
</testsuite> <!-- TestClass.TestClass2 -->
