<?xml version="1.0" encoding="UTF-8"?>
<!-- Generated by org.testng.reporters.JUnitReportReporter -->
<testsuite hostname="DESKTOP-HOBCA4B" failures="0" tests="4" name="TestClass.TestClass1" time="58.290" errors="0" timestamp="2022-03-10T23:29:51 IST" skipped="0">
  <testcase classname="TestClass.TestClass1" name="verifyRentModuleModule" time="33.598"/>
  <system-out/>
  <testcase classname="TestClass.TestClass1" name="verifyRentModuleModule" time="7.802"/>
  <system-out/>
  <testcase classname="TestClass.TestClass1" name="getCustomerNumber" time="9.658"/>
  <system-out/>
  <testcase classname="TestClass.TestClass1" name="getCustomerNumber" time="7.232"/>
  <system-out/>
</testsuite> <!-- TestClass.TestClass1 -->
